c:\users\kristians tiltins\documents\github\imgui-desktop-app\imgui\bin\debug\vc141.pdb
c:\users\kristians tiltins\documents\github\imgui-desktop-app\imgui\bin\debug\vc141.idb
c:\users\kristians tiltins\documents\github\imgui-desktop-app\imgui\bin\debug\menu.obj
c:\users\kristians tiltins\documents\github\imgui-desktop-app\imgui\bin\debug\main.obj
c:\users\kristians tiltins\documents\github\imgui-desktop-app\imgui\bin\debug\imgui_widgets.obj
c:\users\kristians tiltins\documents\github\imgui-desktop-app\imgui\bin\debug\imgui_tables.obj
c:\users\kristians tiltins\documents\github\imgui-desktop-app\imgui\bin\debug\imgui_draw.obj
c:\users\kristians tiltins\documents\github\imgui-desktop-app\imgui\bin\debug\imgui_demo.obj
c:\users\kristians tiltins\documents\github\imgui-desktop-app\imgui\bin\debug\imgui.obj
c:\users\kristians tiltins\documents\github\imgui-desktop-app\imgui\bin\debug\imgui_impl_win32.obj
c:\users\kristians tiltins\documents\github\imgui-desktop-app\imgui\bin\debug\imgui_impl_dx9.obj
c:\users\kristians tiltins\documents\github\imgui-desktop-app\imgui\output\debug\calculator.exe
c:\users\kristians tiltins\documents\github\imgui-desktop-app\imgui\output\debug\calculator.ilk
c:\users\kristians tiltins\documents\github\imgui-desktop-app\imgui\output\debug\calculator.pdb
c:\users\kristians tiltins\documents\github\imgui-desktop-app\imgui\bin\debug\calculator.tlog\cl.command.1.tlog
c:\users\kristians tiltins\documents\github\imgui-desktop-app\imgui\bin\debug\calculator.tlog\cl.read.1.tlog
c:\users\kristians tiltins\documents\github\imgui-desktop-app\imgui\bin\debug\calculator.tlog\cl.write.1.tlog
c:\users\kristians tiltins\documents\github\imgui-desktop-app\imgui\bin\debug\calculator.tlog\link.command.1.tlog
c:\users\kristians tiltins\documents\github\imgui-desktop-app\imgui\bin\debug\calculator.tlog\link.read.1.tlog
c:\users\kristians tiltins\documents\github\imgui-desktop-app\imgui\bin\debug\calculator.tlog\link.write.1.tlog
